[2025-09-17 12:22:07] production.ERROR: Please provide a valid cache path. {"exception":"[object] (InvalidArgumentException(code: 0): Please provide a valid cache path. at C:\\Users\\lenovo\\Downloads\\node_modules\\vendor\\laravel\\framework\\src\\Illuminate\\View\\Compilers\\Compiler.php:66)
[stacktrace]
#0 C:\\Users\\lenovo\\Downloads\\node_modules\\vendor\\laravel\\framework\\src\\Illuminate\\View\\ViewServiceProvider.php(96): Illuminate\\View\\Compilers\\Compiler->__construct(Object(Illuminate\\Filesystem\\Filesystem), false, '', true, 'php')
#1 C:\\Users\\lenovo\\Downloads\\node_modules\\vendor\\laravel\\framework\\src\\Illuminate\\Container\\Container.php(885): Illuminate\\View\\ViewServiceProvider->Illuminate\\View\\{closure}(Object(Illuminate\\Foundation\\Application), Array)
#2 C:\\Users\\lenovo\\Downloads\\node_modules\\vendor\\laravel\\framework\\src\\Illuminate\\Container\\Container.php(770): Illuminate\\Container\\Container->build(Object(Closure))
#3 C:\\Users\\lenovo\\Downloads\\node_modules\\vendor\\laravel\\framework\\src\\Illuminate\\Foundation\\Application.php(881): Illuminate\\Container\\Container->resolve('blade.compiler', Array, true)
#4 C:\\Users\\lenovo\\Downloads\\node_modules\\vendor\\laravel\\framework\\src\\Illuminate\\Container\\Container.php(706): Illuminate\\Foundation\\Application->resolve('blade.compiler', Array)
#5 C:\\Users\\lenovo\\Downloads\\node_modules\\vendor\\laravel\\framework\\src\\Illuminate\\Foundation\\Application.php(866): Illuminate\\Container\\Container->make('blade.compiler', Array)
#6 C:\\Users\\lenovo\\Downloads\\node_modules\\vendor\\laravel\\framework\\src\\Illuminate\\Container\\Container.php(1431): Illuminate\\Foundation\\Application->make('blade.compiler')
#7 C:\\Users\\lenovo\\Downloads\\node_modules\\vendor\\laravel\\framework\\src\\Illuminate\\View\\ViewServiceProvider.php(164): Illuminate\\Container\\Container->offsetGet('blade.compiler')
#8 [internal function]: Illuminate\\View\\ViewServiceProvider->Illuminate\\View\\{closure}()
#9 C:\\Users\\lenovo\\Downloads\\node_modules\\vendor\\laravel\\framework\\src\\Illuminate\\View\\Engines\\EngineResolver.php(55): call_user_func(Object(Closure))
#10 C:\\Users\\lenovo\\Downloads\\node_modules\\vendor\\spatie\\laravel-csp\\src\\CspServiceProvider.php(35): Illuminate\\View\\Engines\\EngineResolver->resolve('blade')
#11 C:\\Users\\lenovo\\Downloads\\node_modules\\vendor\\spatie\\laravel-csp\\src\\CspServiceProvider.php(29): Spatie\\Csp\\CspServiceProvider->registerBladeDirectives()
#12 C:\\Users\\lenovo\\Downloads\\node_modules\\vendor\\laravel\\framework\\src\\Illuminate\\Support\\ServiceProvider.php(266): Spatie\\Csp\\CspServiceProvider->Spatie\\Csp\\{closure}(Object(Illuminate\\View\\Factory), Object(Illuminate\\Foundation\\Application))
#13 C:\\Users\\lenovo\\Downloads\\node_modules\\vendor\\spatie\\laravel-csp\\src\\CspServiceProvider.php(28): Illuminate\\Support\\ServiceProvider->callAfterResolving('view', Object(Closure))
#14 C:\\Users\\lenovo\\Downloads\\node_modules\\vendor\\spatie\\laravel-package-tools\\src\\PackageServiceProvider.php(91): Spatie\\Csp\\CspServiceProvider->packageBooted()
#15 C:\\Users\\lenovo\\Downloads\\node_modules\\vendor\\laravel\\framework\\src\\Illuminate\\Container\\BoundMethod.php(36): Spatie\\LaravelPackageTools\\PackageServiceProvider->boot()
#16 C:\\Users\\lenovo\\Downloads\\node_modules\\vendor\\laravel\\framework\\src\\Illuminate\\Container\\Util.php(41): Illuminate\\Container\\BoundMethod::Illuminate\\Container\\{closure}()
#17 C:\\Users\\lenovo\\Downloads\\node_modules\\vendor\\laravel\\framework\\src\\Illuminate\\Container\\BoundMethod.php(93): Illuminate\\Container\\Util::unwrapIfClosure(Object(Closure))
#18 C:\\Users\\lenovo\\Downloads\\node_modules\\vendor\\laravel\\framework\\src\\Illuminate\\Container\\BoundMethod.php(35): Illuminate\\Container\\BoundMethod::callBoundMethod(Object(Illuminate\\Foundation\\Application), Array, Object(Closure))
#19 C:\\Users\\lenovo\\Downloads\\node_modules\\vendor\\laravel\\framework\\src\\Illuminate\\Container\\Container.php(661): Illuminate\\Container\\BoundMethod::call(Object(Illuminate\\Foundation\\Application), Array, Array, NULL)
#20 C:\\Users\\lenovo\\Downloads\\node_modules\\vendor\\laravel\\framework\\src\\Illuminate\\Foundation\\Application.php(954): Illuminate\\Container\\Container->call(Array)
#21 C:\\Users\\lenovo\\Downloads\\node_modules\\vendor\\laravel\\framework\\src\\Illuminate\\Foundation\\Application.php(935): Illuminate\\Foundation\\Application->bootProvider(Object(Spatie\\Csp\\CspServiceProvider))
#22 [internal function]: Illuminate\\Foundation\\Application->Illuminate\\Foundation\\{closure}(Object(Spatie\\Csp\\CspServiceProvider), 29)
#23 C:\\Users\\lenovo\\Downloads\\node_modules\\vendor\\laravel\\framework\\src\\Illuminate\\Foundation\\Application.php(934): array_walk(Array, Object(Closure))
#24 C:\\Users\\lenovo\\Downloads\\node_modules\\vendor\\laravel\\framework\\src\\Illuminate\\Foundation\\Bootstrap\\BootProviders.php(17): Illuminate\\Foundation\\Application->boot()
#25 C:\\Users\\lenovo\\Downloads\\node_modules\\vendor\\laravel\\framework\\src\\Illuminate\\Foundation\\Application.php(265): Illuminate\\Foundation\\Bootstrap\\BootProviders->bootstrap(Object(Illuminate\\Foundation\\Application))
#26 C:\\Users\\lenovo\\Downloads\\node_modules\\vendor\\laravel\\framework\\src\\Illuminate\\Foundation\\Console\\Kernel.php(383): Illuminate\\Foundation\\Application->bootstrapWith(Array)
#27 C:\\Users\\lenovo\\Downloads\\node_modules\\vendor\\laravel\\framework\\src\\Illuminate\\Foundation\\Console\\Kernel.php(153): Illuminate\\Foundation\\Console\\Kernel->bootstrap()
#28 C:\\Users\\lenovo\\Downloads\\node_modules\\artisan(35): Illuminate\\Foundation\\Console\\Kernel->handle(Object(Symfony\\Component\\Console\\Input\\ArgvInput), Object(Symfony\\Component\\Console\\Output\\ConsoleOutput))
#29 {main}
"} 
[2025-09-17 12:22:25] production.ERROR: Please provide a valid cache path. {"exception":"[object] (InvalidArgumentException(code: 0): Please provide a valid cache path. at C:\\Users\\lenovo\\Downloads\\node_modules\\vendor\\laravel\\framework\\src\\Illuminate\\View\\Compilers\\Compiler.php:66)
[stacktrace]
#0 C:\\Users\\lenovo\\Downloads\\node_modules\\vendor\\laravel\\framework\\src\\Illuminate\\View\\ViewServiceProvider.php(96): Illuminate\\View\\Compilers\\Compiler->__construct(Object(Illuminate\\Filesystem\\Filesystem), false, '', true, 'php')
#1 C:\\Users\\lenovo\\Downloads\\node_modules\\vendor\\laravel\\framework\\src\\Illuminate\\Container\\Container.php(885): Illuminate\\View\\ViewServiceProvider->Illuminate\\View\\{closure}(Object(Illuminate\\Foundation\\Application), Array)
#2 C:\\Users\\lenovo\\Downloads\\node_modules\\vendor\\laravel\\framework\\src\\Illuminate\\Container\\Container.php(770): Illuminate\\Container\\Container->build(Object(Closure))
#3 C:\\Users\\lenovo\\Downloads\\node_modules\\vendor\\laravel\\framework\\src\\Illuminate\\Foundation\\Application.php(881): Illuminate\\Container\\Container->resolve('blade.compiler', Array, true)
#4 C:\\Users\\lenovo\\Downloads\\node_modules\\vendor\\laravel\\framework\\src\\Illuminate\\Container\\Container.php(706): Illuminate\\Foundation\\Application->resolve('blade.compiler', Array)
#5 C:\\Users\\lenovo\\Downloads\\node_modules\\vendor\\laravel\\framework\\src\\Illuminate\\Foundation\\Application.php(866): Illuminate\\Container\\Container->make('blade.compiler', Array)
#6 C:\\Users\\lenovo\\Downloads\\node_modules\\vendor\\laravel\\framework\\src\\Illuminate\\Container\\Container.php(1431): Illuminate\\Foundation\\Application->make('blade.compiler')
#7 C:\\Users\\lenovo\\Downloads\\node_modules\\vendor\\laravel\\framework\\src\\Illuminate\\View\\ViewServiceProvider.php(164): Illuminate\\Container\\Container->offsetGet('blade.compiler')
#8 [internal function]: Illuminate\\View\\ViewServiceProvider->Illuminate\\View\\{closure}()
#9 C:\\Users\\lenovo\\Downloads\\node_modules\\vendor\\laravel\\framework\\src\\Illuminate\\View\\Engines\\EngineResolver.php(55): call_user_func(Object(Closure))
#10 C:\\Users\\lenovo\\Downloads\\node_modules\\vendor\\spatie\\laravel-csp\\src\\CspServiceProvider.php(35): Illuminate\\View\\Engines\\EngineResolver->resolve('blade')
#11 C:\\Users\\lenovo\\Downloads\\node_modules\\vendor\\spatie\\laravel-csp\\src\\CspServiceProvider.php(29): Spatie\\Csp\\CspServiceProvider->registerBladeDirectives()
#12 C:\\Users\\lenovo\\Downloads\\node_modules\\vendor\\laravel\\framework\\src\\Illuminate\\Support\\ServiceProvider.php(266): Spatie\\Csp\\CspServiceProvider->Spatie\\Csp\\{closure}(Object(Illuminate\\View\\Factory), Object(Illuminate\\Foundation\\Application))
#13 C:\\Users\\lenovo\\Downloads\\node_modules\\vendor\\spatie\\laravel-csp\\src\\CspServiceProvider.php(28): Illuminate\\Support\\ServiceProvider->callAfterResolving('view', Object(Closure))
#14 C:\\Users\\lenovo\\Downloads\\node_modules\\vendor\\spatie\\laravel-package-tools\\src\\PackageServiceProvider.php(91): Spatie\\Csp\\CspServiceProvider->packageBooted()
#15 C:\\Users\\lenovo\\Downloads\\node_modules\\vendor\\laravel\\framework\\src\\Illuminate\\Container\\BoundMethod.php(36): Spatie\\LaravelPackageTools\\PackageServiceProvider->boot()
#16 C:\\Users\\lenovo\\Downloads\\node_modules\\vendor\\laravel\\framework\\src\\Illuminate\\Container\\Util.php(41): Illuminate\\Container\\BoundMethod::Illuminate\\Container\\{closure}()
#17 C:\\Users\\lenovo\\Downloads\\node_modules\\vendor\\laravel\\framework\\src\\Illuminate\\Container\\BoundMethod.php(93): Illuminate\\Container\\Util::unwrapIfClosure(Object(Closure))
#18 C:\\Users\\lenovo\\Downloads\\node_modules\\vendor\\laravel\\framework\\src\\Illuminate\\Container\\BoundMethod.php(35): Illuminate\\Container\\BoundMethod::callBoundMethod(Object(Illuminate\\Foundation\\Application), Array, Object(Closure))
#19 C:\\Users\\lenovo\\Downloads\\node_modules\\vendor\\laravel\\framework\\src\\Illuminate\\Container\\Container.php(661): Illuminate\\Container\\BoundMethod::call(Object(Illuminate\\Foundation\\Application), Array, Array, NULL)
#20 C:\\Users\\lenovo\\Downloads\\node_modules\\vendor\\laravel\\framework\\src\\Illuminate\\Foundation\\Application.php(954): Illuminate\\Container\\Container->call(Array)
#21 C:\\Users\\lenovo\\Downloads\\node_modules\\vendor\\laravel\\framework\\src\\Illuminate\\Foundation\\Application.php(935): Illuminate\\Foundation\\Application->bootProvider(Object(Spatie\\Csp\\CspServiceProvider))
#22 [internal function]: Illuminate\\Foundation\\Application->Illuminate\\Foundation\\{closure}(Object(Spatie\\Csp\\CspServiceProvider), 30)
#23 C:\\Users\\lenovo\\Downloads\\node_modules\\vendor\\laravel\\framework\\src\\Illuminate\\Foundation\\Application.php(934): array_walk(Array, Object(Closure))
#24 C:\\Users\\lenovo\\Downloads\\node_modules\\vendor\\laravel\\framework\\src\\Illuminate\\Foundation\\Bootstrap\\BootProviders.php(17): Illuminate\\Foundation\\Application->boot()
#25 C:\\Users\\lenovo\\Downloads\\node_modules\\vendor\\laravel\\framework\\src\\Illuminate\\Foundation\\Application.php(265): Illuminate\\Foundation\\Bootstrap\\BootProviders->bootstrap(Object(Illuminate\\Foundation\\Application))
#26 C:\\Users\\lenovo\\Downloads\\node_modules\\vendor\\laravel\\framework\\src\\Illuminate\\Foundation\\Console\\Kernel.php(383): Illuminate\\Foundation\\Application->bootstrapWith(Array)
#27 C:\\Users\\lenovo\\Downloads\\node_modules\\vendor\\laravel\\framework\\src\\Illuminate\\Foundation\\Console\\Kernel.php(153): Illuminate\\Foundation\\Console\\Kernel->bootstrap()
#28 Command line code(1): Illuminate\\Foundation\\Console\\Kernel->handle(Object(Symfony\\Component\\Console\\Input\\ArgvInput), Object(Symfony\\Component\\Console\\Output\\ConsoleOutput))
#29 {main}
"} 
[2025-09-17 12:22:25] production.ERROR: Please provide a valid cache path. {"exception":"[object] (InvalidArgumentException(code: 0): Please provide a valid cache path. at C:\\Users\\lenovo\\Downloads\\node_modules\\vendor\\laravel\\framework\\src\\Illuminate\\View\\Compilers\\Compiler.php:66)
[stacktrace]
#0 C:\\Users\\lenovo\\Downloads\\node_modules\\vendor\\laravel\\framework\\src\\Illuminate\\View\\ViewServiceProvider.php(96): Illuminate\\View\\Compilers\\Compiler->__construct(Object(Illuminate\\Filesystem\\Filesystem), false, '', true, 'php')
#1 C:\\Users\\lenovo\\Downloads\\node_modules\\vendor\\laravel\\framework\\src\\Illuminate\\Container\\Container.php(885): Illuminate\\View\\ViewServiceProvider->Illuminate\\View\\{closure}(Object(Illuminate\\Foundation\\Application), Array)
#2 C:\\Users\\lenovo\\Downloads\\node_modules\\vendor\\laravel\\framework\\src\\Illuminate\\Container\\Container.php(770): Illuminate\\Container\\Container->build(Object(Closure))
#3 C:\\Users\\lenovo\\Downloads\\node_modules\\vendor\\laravel\\framework\\src\\Illuminate\\Foundation\\Application.php(881): Illuminate\\Container\\Container->resolve('blade.compiler', Array, true)
#4 C:\\Users\\lenovo\\Downloads\\node_modules\\vendor\\laravel\\framework\\src\\Illuminate\\Container\\Container.php(706): Illuminate\\Foundation\\Application->resolve('blade.compiler', Array)
#5 C:\\Users\\lenovo\\Downloads\\node_modules\\vendor\\laravel\\framework\\src\\Illuminate\\Foundation\\Application.php(866): Illuminate\\Container\\Container->make('blade.compiler', Array)
#6 C:\\Users\\lenovo\\Downloads\\node_modules\\vendor\\laravel\\framework\\src\\Illuminate\\Container\\Container.php(1431): Illuminate\\Foundation\\Application->make('blade.compiler')
#7 C:\\Users\\lenovo\\Downloads\\node_modules\\vendor\\laravel\\framework\\src\\Illuminate\\View\\ViewServiceProvider.php(164): Illuminate\\Container\\Container->offsetGet('blade.compiler')
#8 [internal function]: Illuminate\\View\\ViewServiceProvider->Illuminate\\View\\{closure}()
#9 C:\\Users\\lenovo\\Downloads\\node_modules\\vendor\\laravel\\framework\\src\\Illuminate\\View\\Engines\\EngineResolver.php(55): call_user_func(Object(Closure))
#10 C:\\Users\\lenovo\\Downloads\\node_modules\\vendor\\spatie\\laravel-csp\\src\\CspServiceProvider.php(35): Illuminate\\View\\Engines\\EngineResolver->resolve('blade')
#11 C:\\Users\\lenovo\\Downloads\\node_modules\\vendor\\spatie\\laravel-csp\\src\\CspServiceProvider.php(29): Spatie\\Csp\\CspServiceProvider->registerBladeDirectives()
#12 C:\\Users\\lenovo\\Downloads\\node_modules\\vendor\\laravel\\framework\\src\\Illuminate\\Support\\ServiceProvider.php(266): Spatie\\Csp\\CspServiceProvider->Spatie\\Csp\\{closure}(Object(Illuminate\\View\\Factory), Object(Illuminate\\Foundation\\Application))
#13 C:\\Users\\lenovo\\Downloads\\node_modules\\vendor\\spatie\\laravel-csp\\src\\CspServiceProvider.php(28): Illuminate\\Support\\ServiceProvider->callAfterResolving('view', Object(Closure))
#14 C:\\Users\\lenovo\\Downloads\\node_modules\\vendor\\spatie\\laravel-package-tools\\src\\PackageServiceProvider.php(91): Spatie\\Csp\\CspServiceProvider->packageBooted()
#15 C:\\Users\\lenovo\\Downloads\\node_modules\\vendor\\laravel\\framework\\src\\Illuminate\\Container\\BoundMethod.php(36): Spatie\\LaravelPackageTools\\PackageServiceProvider->boot()
#16 C:\\Users\\lenovo\\Downloads\\node_modules\\vendor\\laravel\\framework\\src\\Illuminate\\Container\\Util.php(41): Illuminate\\Container\\BoundMethod::Illuminate\\Container\\{closure}()
#17 C:\\Users\\lenovo\\Downloads\\node_modules\\vendor\\laravel\\framework\\src\\Illuminate\\Container\\BoundMethod.php(93): Illuminate\\Container\\Util::unwrapIfClosure(Object(Closure))
#18 C:\\Users\\lenovo\\Downloads\\node_modules\\vendor\\laravel\\framework\\src\\Illuminate\\Container\\BoundMethod.php(35): Illuminate\\Container\\BoundMethod::callBoundMethod(Object(Illuminate\\Foundation\\Application), Array, Object(Closure))
#19 C:\\Users\\lenovo\\Downloads\\node_modules\\vendor\\laravel\\framework\\src\\Illuminate\\Container\\Container.php(661): Illuminate\\Container\\BoundMethod::call(Object(Illuminate\\Foundation\\Application), Array, Array, NULL)
#20 C:\\Users\\lenovo\\Downloads\\node_modules\\vendor\\laravel\\framework\\src\\Illuminate\\Foundation\\Application.php(954): Illuminate\\Container\\Container->call(Array)
#21 C:\\Users\\lenovo\\Downloads\\node_modules\\vendor\\laravel\\framework\\src\\Illuminate\\Foundation\\Application.php(935): Illuminate\\Foundation\\Application->bootProvider(Object(Spatie\\Csp\\CspServiceProvider))
#22 [internal function]: Illuminate\\Foundation\\Application->Illuminate\\Foundation\\{closure}(Object(Spatie\\Csp\\CspServiceProvider), 30)
#23 C:\\Users\\lenovo\\Downloads\\node_modules\\vendor\\laravel\\framework\\src\\Illuminate\\Foundation\\Application.php(934): array_walk(Array, Object(Closure))
#24 C:\\Users\\lenovo\\Downloads\\node_modules\\vendor\\laravel\\framework\\src\\Illuminate\\Foundation\\Bootstrap\\BootProviders.php(17): Illuminate\\Foundation\\Application->boot()
#25 C:\\Users\\lenovo\\Downloads\\node_modules\\vendor\\laravel\\framework\\src\\Illuminate\\Foundation\\Application.php(265): Illuminate\\Foundation\\Bootstrap\\BootProviders->bootstrap(Object(Illuminate\\Foundation\\Application))
#26 C:\\Users\\lenovo\\Downloads\\node_modules\\vendor\\laravel\\framework\\src\\Illuminate\\Foundation\\Console\\Kernel.php(383): Illuminate\\Foundation\\Application->bootstrapWith(Array)
#27 C:\\Users\\lenovo\\Downloads\\node_modules\\vendor\\laravel\\framework\\src\\Illuminate\\Foundation\\Console\\Kernel.php(153): Illuminate\\Foundation\\Console\\Kernel->bootstrap()
#28 Command line code(1): Illuminate\\Foundation\\Console\\Kernel->handle(Object(Symfony\\Component\\Console\\Input\\ArgvInput), Object(Symfony\\Component\\Console\\Output\\ConsoleOutput))
#29 {main}
"} 
[2025-09-17 12:23:25] production.ERROR: Please provide a valid cache path. {"exception":"[object] (InvalidArgumentException(code: 0): Please provide a valid cache path. at C:\\Users\\lenovo\\Downloads\\node_modules\\vendor\\laravel\\framework\\src\\Illuminate\\View\\Compilers\\Compiler.php:66)
[stacktrace]
#0 C:\\Users\\lenovo\\Downloads\\node_modules\\vendor\\laravel\\framework\\src\\Illuminate\\View\\ViewServiceProvider.php(96): Illuminate\\View\\Compilers\\Compiler->__construct(Object(Illuminate\\Filesystem\\Filesystem), false, '', true, 'php')
#1 C:\\Users\\lenovo\\Downloads\\node_modules\\vendor\\laravel\\framework\\src\\Illuminate\\Container\\Container.php(885): Illuminate\\View\\ViewServiceProvider->Illuminate\\View\\{closure}(Object(Illuminate\\Foundation\\Application), Array)
#2 C:\\Users\\lenovo\\Downloads\\node_modules\\vendor\\laravel\\framework\\src\\Illuminate\\Container\\Container.php(770): Illuminate\\Container\\Container->build(Object(Closure))
#3 C:\\Users\\lenovo\\Downloads\\node_modules\\vendor\\laravel\\framework\\src\\Illuminate\\Foundation\\Application.php(881): Illuminate\\Container\\Container->resolve('blade.compiler', Array, true)
#4 C:\\Users\\lenovo\\Downloads\\node_modules\\vendor\\laravel\\framework\\src\\Illuminate\\Container\\Container.php(706): Illuminate\\Foundation\\Application->resolve('blade.compiler', Array)
#5 C:\\Users\\lenovo\\Downloads\\node_modules\\vendor\\laravel\\framework\\src\\Illuminate\\Foundation\\Application.php(866): Illuminate\\Container\\Container->make('blade.compiler', Array)
#6 C:\\Users\\lenovo\\Downloads\\node_modules\\vendor\\laravel\\framework\\src\\Illuminate\\Container\\Container.php(1431): Illuminate\\Foundation\\Application->make('blade.compiler')
#7 C:\\Users\\lenovo\\Downloads\\node_modules\\vendor\\laravel\\framework\\src\\Illuminate\\View\\ViewServiceProvider.php(164): Illuminate\\Container\\Container->offsetGet('blade.compiler')
#8 [internal function]: Illuminate\\View\\ViewServiceProvider->Illuminate\\View\\{closure}()
#9 C:\\Users\\lenovo\\Downloads\\node_modules\\vendor\\laravel\\framework\\src\\Illuminate\\View\\Engines\\EngineResolver.php(55): call_user_func(Object(Closure))
#10 C:\\Users\\lenovo\\Downloads\\node_modules\\vendor\\spatie\\laravel-csp\\src\\CspServiceProvider.php(35): Illuminate\\View\\Engines\\EngineResolver->resolve('blade')
#11 C:\\Users\\lenovo\\Downloads\\node_modules\\vendor\\spatie\\laravel-csp\\src\\CspServiceProvider.php(29): Spatie\\Csp\\CspServiceProvider->registerBladeDirectives()
#12 C:\\Users\\lenovo\\Downloads\\node_modules\\vendor\\laravel\\framework\\src\\Illuminate\\Support\\ServiceProvider.php(266): Spatie\\Csp\\CspServiceProvider->Spatie\\Csp\\{closure}(Object(Illuminate\\View\\Factory), Object(Illuminate\\Foundation\\Application))
#13 C:\\Users\\lenovo\\Downloads\\node_modules\\vendor\\spatie\\laravel-csp\\src\\CspServiceProvider.php(28): Illuminate\\Support\\ServiceProvider->callAfterResolving('view', Object(Closure))
#14 C:\\Users\\lenovo\\Downloads\\node_modules\\vendor\\spatie\\laravel-package-tools\\src\\PackageServiceProvider.php(91): Spatie\\Csp\\CspServiceProvider->packageBooted()
#15 C:\\Users\\lenovo\\Downloads\\node_modules\\vendor\\laravel\\framework\\src\\Illuminate\\Container\\BoundMethod.php(36): Spatie\\LaravelPackageTools\\PackageServiceProvider->boot()
#16 C:\\Users\\lenovo\\Downloads\\node_modules\\vendor\\laravel\\framework\\src\\Illuminate\\Container\\Util.php(41): Illuminate\\Container\\BoundMethod::Illuminate\\Container\\{closure}()
#17 C:\\Users\\lenovo\\Downloads\\node_modules\\vendor\\laravel\\framework\\src\\Illuminate\\Container\\BoundMethod.php(93): Illuminate\\Container\\Util::unwrapIfClosure(Object(Closure))
#18 C:\\Users\\lenovo\\Downloads\\node_modules\\vendor\\laravel\\framework\\src\\Illuminate\\Container\\BoundMethod.php(35): Illuminate\\Container\\BoundMethod::callBoundMethod(Object(Illuminate\\Foundation\\Application), Array, Object(Closure))
#19 C:\\Users\\lenovo\\Downloads\\node_modules\\vendor\\laravel\\framework\\src\\Illuminate\\Container\\Container.php(661): Illuminate\\Container\\BoundMethod::call(Object(Illuminate\\Foundation\\Application), Array, Array, NULL)
#20 C:\\Users\\lenovo\\Downloads\\node_modules\\vendor\\laravel\\framework\\src\\Illuminate\\Foundation\\Application.php(954): Illuminate\\Container\\Container->call(Array)
#21 C:\\Users\\lenovo\\Downloads\\node_modules\\vendor\\laravel\\framework\\src\\Illuminate\\Foundation\\Application.php(935): Illuminate\\Foundation\\Application->bootProvider(Object(Spatie\\Csp\\CspServiceProvider))
#22 [internal function]: Illuminate\\Foundation\\Application->Illuminate\\Foundation\\{closure}(Object(Spatie\\Csp\\CspServiceProvider), 30)
#23 C:\\Users\\lenovo\\Downloads\\node_modules\\vendor\\laravel\\framework\\src\\Illuminate\\Foundation\\Application.php(934): array_walk(Array, Object(Closure))
#24 C:\\Users\\lenovo\\Downloads\\node_modules\\vendor\\laravel\\framework\\src\\Illuminate\\Foundation\\Bootstrap\\BootProviders.php(17): Illuminate\\Foundation\\Application->boot()
#25 C:\\Users\\lenovo\\Downloads\\node_modules\\vendor\\laravel\\framework\\src\\Illuminate\\Foundation\\Application.php(265): Illuminate\\Foundation\\Bootstrap\\BootProviders->bootstrap(Object(Illuminate\\Foundation\\Application))
#26 C:\\Users\\lenovo\\Downloads\\node_modules\\vendor\\laravel\\framework\\src\\Illuminate\\Foundation\\Console\\Kernel.php(383): Illuminate\\Foundation\\Application->bootstrapWith(Array)
#27 C:\\Users\\lenovo\\Downloads\\node_modules\\vendor\\laravel\\framework\\src\\Illuminate\\Foundation\\Console\\Kernel.php(153): Illuminate\\Foundation\\Console\\Kernel->bootstrap()
#28 Command line code(1): Illuminate\\Foundation\\Console\\Kernel->handle(Object(Symfony\\Component\\Console\\Input\\ArgvInput), Object(Symfony\\Component\\Console\\Output\\ConsoleOutput))
#29 {main}
"} 
[2025-09-17 12:23:25] production.ERROR: Please provide a valid cache path. {"exception":"[object] (InvalidArgumentException(code: 0): Please provide a valid cache path. at C:\\Users\\lenovo\\Downloads\\node_modules\\vendor\\laravel\\framework\\src\\Illuminate\\View\\Compilers\\Compiler.php:66)
[stacktrace]
#0 C:\\Users\\lenovo\\Downloads\\node_modules\\vendor\\laravel\\framework\\src\\Illuminate\\View\\ViewServiceProvider.php(96): Illuminate\\View\\Compilers\\Compiler->__construct(Object(Illuminate\\Filesystem\\Filesystem), false, '', true, 'php')
#1 C:\\Users\\lenovo\\Downloads\\node_modules\\vendor\\laravel\\framework\\src\\Illuminate\\Container\\Container.php(885): Illuminate\\View\\ViewServiceProvider->Illuminate\\View\\{closure}(Object(Illuminate\\Foundation\\Application), Array)
#2 C:\\Users\\lenovo\\Downloads\\node_modules\\vendor\\laravel\\framework\\src\\Illuminate\\Container\\Container.php(770): Illuminate\\Container\\Container->build(Object(Closure))
#3 C:\\Users\\lenovo\\Downloads\\node_modules\\vendor\\laravel\\framework\\src\\Illuminate\\Foundation\\Application.php(881): Illuminate\\Container\\Container->resolve('blade.compiler', Array, true)
#4 C:\\Users\\lenovo\\Downloads\\node_modules\\vendor\\laravel\\framework\\src\\Illuminate\\Container\\Container.php(706): Illuminate\\Foundation\\Application->resolve('blade.compiler', Array)
#5 C:\\Users\\lenovo\\Downloads\\node_modules\\vendor\\laravel\\framework\\src\\Illuminate\\Foundation\\Application.php(866): Illuminate\\Container\\Container->make('blade.compiler', Array)
#6 C:\\Users\\lenovo\\Downloads\\node_modules\\vendor\\laravel\\framework\\src\\Illuminate\\Container\\Container.php(1431): Illuminate\\Foundation\\Application->make('blade.compiler')
#7 C:\\Users\\lenovo\\Downloads\\node_modules\\vendor\\laravel\\framework\\src\\Illuminate\\View\\ViewServiceProvider.php(164): Illuminate\\Container\\Container->offsetGet('blade.compiler')
#8 [internal function]: Illuminate\\View\\ViewServiceProvider->Illuminate\\View\\{closure}()
#9 C:\\Users\\lenovo\\Downloads\\node_modules\\vendor\\laravel\\framework\\src\\Illuminate\\View\\Engines\\EngineResolver.php(55): call_user_func(Object(Closure))
#10 C:\\Users\\lenovo\\Downloads\\node_modules\\vendor\\spatie\\laravel-csp\\src\\CspServiceProvider.php(35): Illuminate\\View\\Engines\\EngineResolver->resolve('blade')
#11 C:\\Users\\lenovo\\Downloads\\node_modules\\vendor\\spatie\\laravel-csp\\src\\CspServiceProvider.php(29): Spatie\\Csp\\CspServiceProvider->registerBladeDirectives()
#12 C:\\Users\\lenovo\\Downloads\\node_modules\\vendor\\laravel\\framework\\src\\Illuminate\\Support\\ServiceProvider.php(266): Spatie\\Csp\\CspServiceProvider->Spatie\\Csp\\{closure}(Object(Illuminate\\View\\Factory), Object(Illuminate\\Foundation\\Application))
#13 C:\\Users\\lenovo\\Downloads\\node_modules\\vendor\\spatie\\laravel-csp\\src\\CspServiceProvider.php(28): Illuminate\\Support\\ServiceProvider->callAfterResolving('view', Object(Closure))
#14 C:\\Users\\lenovo\\Downloads\\node_modules\\vendor\\spatie\\laravel-package-tools\\src\\PackageServiceProvider.php(91): Spatie\\Csp\\CspServiceProvider->packageBooted()
#15 C:\\Users\\lenovo\\Downloads\\node_modules\\vendor\\laravel\\framework\\src\\Illuminate\\Container\\BoundMethod.php(36): Spatie\\LaravelPackageTools\\PackageServiceProvider->boot()
#16 C:\\Users\\lenovo\\Downloads\\node_modules\\vendor\\laravel\\framework\\src\\Illuminate\\Container\\Util.php(41): Illuminate\\Container\\BoundMethod::Illuminate\\Container\\{closure}()
#17 C:\\Users\\lenovo\\Downloads\\node_modules\\vendor\\laravel\\framework\\src\\Illuminate\\Container\\BoundMethod.php(93): Illuminate\\Container\\Util::unwrapIfClosure(Object(Closure))
#18 C:\\Users\\lenovo\\Downloads\\node_modules\\vendor\\laravel\\framework\\src\\Illuminate\\Container\\BoundMethod.php(35): Illuminate\\Container\\BoundMethod::callBoundMethod(Object(Illuminate\\Foundation\\Application), Array, Object(Closure))
#19 C:\\Users\\lenovo\\Downloads\\node_modules\\vendor\\laravel\\framework\\src\\Illuminate\\Container\\Container.php(661): Illuminate\\Container\\BoundMethod::call(Object(Illuminate\\Foundation\\Application), Array, Array, NULL)
#20 C:\\Users\\lenovo\\Downloads\\node_modules\\vendor\\laravel\\framework\\src\\Illuminate\\Foundation\\Application.php(954): Illuminate\\Container\\Container->call(Array)
#21 C:\\Users\\lenovo\\Downloads\\node_modules\\vendor\\laravel\\framework\\src\\Illuminate\\Foundation\\Application.php(935): Illuminate\\Foundation\\Application->bootProvider(Object(Spatie\\Csp\\CspServiceProvider))
#22 [internal function]: Illuminate\\Foundation\\Application->Illuminate\\Foundation\\{closure}(Object(Spatie\\Csp\\CspServiceProvider), 30)
#23 C:\\Users\\lenovo\\Downloads\\node_modules\\vendor\\laravel\\framework\\src\\Illuminate\\Foundation\\Application.php(934): array_walk(Array, Object(Closure))
#24 C:\\Users\\lenovo\\Downloads\\node_modules\\vendor\\laravel\\framework\\src\\Illuminate\\Foundation\\Bootstrap\\BootProviders.php(17): Illuminate\\Foundation\\Application->boot()
#25 C:\\Users\\lenovo\\Downloads\\node_modules\\vendor\\laravel\\framework\\src\\Illuminate\\Foundation\\Application.php(265): Illuminate\\Foundation\\Bootstrap\\BootProviders->bootstrap(Object(Illuminate\\Foundation\\Application))
#26 C:\\Users\\lenovo\\Downloads\\node_modules\\vendor\\laravel\\framework\\src\\Illuminate\\Foundation\\Console\\Kernel.php(383): Illuminate\\Foundation\\Application->bootstrapWith(Array)
#27 C:\\Users\\lenovo\\Downloads\\node_modules\\vendor\\laravel\\framework\\src\\Illuminate\\Foundation\\Console\\Kernel.php(153): Illuminate\\Foundation\\Console\\Kernel->bootstrap()
#28 Command line code(1): Illuminate\\Foundation\\Console\\Kernel->handle(Object(Symfony\\Component\\Console\\Input\\ArgvInput), Object(Symfony\\Component\\Console\\Output\\ConsoleOutput))
#29 {main}
"} 
[2025-09-17 12:24:25] production.ERROR: Please provide a valid cache path. {"exception":"[object] (InvalidArgumentException(code: 0): Please provide a valid cache path. at C:\\Users\\lenovo\\Downloads\\node_modules\\vendor\\laravel\\framework\\src\\Illuminate\\View\\Compilers\\Compiler.php:66)
[stacktrace]
#0 C:\\Users\\lenovo\\Downloads\\node_modules\\vendor\\laravel\\framework\\src\\Illuminate\\View\\ViewServiceProvider.php(96): Illuminate\\View\\Compilers\\Compiler->__construct(Object(Illuminate\\Filesystem\\Filesystem), false, '', true, 'php')
#1 C:\\Users\\lenovo\\Downloads\\node_modules\\vendor\\laravel\\framework\\src\\Illuminate\\Container\\Container.php(885): Illuminate\\View\\ViewServiceProvider->Illuminate\\View\\{closure}(Object(Illuminate\\Foundation\\Application), Array)
#2 C:\\Users\\lenovo\\Downloads\\node_modules\\vendor\\laravel\\framework\\src\\Illuminate\\Container\\Container.php(770): Illuminate\\Container\\Container->build(Object(Closure))
#3 C:\\Users\\lenovo\\Downloads\\node_modules\\vendor\\laravel\\framework\\src\\Illuminate\\Foundation\\Application.php(881): Illuminate\\Container\\Container->resolve('blade.compiler', Array, true)
#4 C:\\Users\\lenovo\\Downloads\\node_modules\\vendor\\laravel\\framework\\src\\Illuminate\\Container\\Container.php(706): Illuminate\\Foundation\\Application->resolve('blade.compiler', Array)
#5 C:\\Users\\lenovo\\Downloads\\node_modules\\vendor\\laravel\\framework\\src\\Illuminate\\Foundation\\Application.php(866): Illuminate\\Container\\Container->make('blade.compiler', Array)
#6 C:\\Users\\lenovo\\Downloads\\node_modules\\vendor\\laravel\\framework\\src\\Illuminate\\Container\\Container.php(1431): Illuminate\\Foundation\\Application->make('blade.compiler')
#7 C:\\Users\\lenovo\\Downloads\\node_modules\\vendor\\laravel\\framework\\src\\Illuminate\\View\\ViewServiceProvider.php(164): Illuminate\\Container\\Container->offsetGet('blade.compiler')
#8 [internal function]: Illuminate\\View\\ViewServiceProvider->Illuminate\\View\\{closure}()
#9 C:\\Users\\lenovo\\Downloads\\node_modules\\vendor\\laravel\\framework\\src\\Illuminate\\View\\Engines\\EngineResolver.php(55): call_user_func(Object(Closure))
#10 C:\\Users\\lenovo\\Downloads\\node_modules\\vendor\\spatie\\laravel-csp\\src\\CspServiceProvider.php(35): Illuminate\\View\\Engines\\EngineResolver->resolve('blade')
#11 C:\\Users\\lenovo\\Downloads\\node_modules\\vendor\\spatie\\laravel-csp\\src\\CspServiceProvider.php(29): Spatie\\Csp\\CspServiceProvider->registerBladeDirectives()
#12 C:\\Users\\lenovo\\Downloads\\node_modules\\vendor\\laravel\\framework\\src\\Illuminate\\Support\\ServiceProvider.php(266): Spatie\\Csp\\CspServiceProvider->Spatie\\Csp\\{closure}(Object(Illuminate\\View\\Factory), Object(Illuminate\\Foundation\\Application))
#13 C:\\Users\\lenovo\\Downloads\\node_modules\\vendor\\spatie\\laravel-csp\\src\\CspServiceProvider.php(28): Illuminate\\Support\\ServiceProvider->callAfterResolving('view', Object(Closure))
#14 C:\\Users\\lenovo\\Downloads\\node_modules\\vendor\\spatie\\laravel-package-tools\\src\\PackageServiceProvider.php(91): Spatie\\Csp\\CspServiceProvider->packageBooted()
#15 C:\\Users\\lenovo\\Downloads\\node_modules\\vendor\\laravel\\framework\\src\\Illuminate\\Container\\BoundMethod.php(36): Spatie\\LaravelPackageTools\\PackageServiceProvider->boot()
#16 C:\\Users\\lenovo\\Downloads\\node_modules\\vendor\\laravel\\framework\\src\\Illuminate\\Container\\Util.php(41): Illuminate\\Container\\BoundMethod::Illuminate\\Container\\{closure}()
#17 C:\\Users\\lenovo\\Downloads\\node_modules\\vendor\\laravel\\framework\\src\\Illuminate\\Container\\BoundMethod.php(93): Illuminate\\Container\\Util::unwrapIfClosure(Object(Closure))
#18 C:\\Users\\lenovo\\Downloads\\node_modules\\vendor\\laravel\\framework\\src\\Illuminate\\Container\\BoundMethod.php(35): Illuminate\\Container\\BoundMethod::callBoundMethod(Object(Illuminate\\Foundation\\Application), Array, Object(Closure))
#19 C:\\Users\\lenovo\\Downloads\\node_modules\\vendor\\laravel\\framework\\src\\Illuminate\\Container\\Container.php(661): Illuminate\\Container\\BoundMethod::call(Object(Illuminate\\Foundation\\Application), Array, Array, NULL)
#20 C:\\Users\\lenovo\\Downloads\\node_modules\\vendor\\laravel\\framework\\src\\Illuminate\\Foundation\\Application.php(954): Illuminate\\Container\\Container->call(Array)
#21 C:\\Users\\lenovo\\Downloads\\node_modules\\vendor\\laravel\\framework\\src\\Illuminate\\Foundation\\Application.php(935): Illuminate\\Foundation\\Application->bootProvider(Object(Spatie\\Csp\\CspServiceProvider))
#22 [internal function]: Illuminate\\Foundation\\Application->Illuminate\\Foundation\\{closure}(Object(Spatie\\Csp\\CspServiceProvider), 30)
#23 C:\\Users\\lenovo\\Downloads\\node_modules\\vendor\\laravel\\framework\\src\\Illuminate\\Foundation\\Application.php(934): array_walk(Array, Object(Closure))
#24 C:\\Users\\lenovo\\Downloads\\node_modules\\vendor\\laravel\\framework\\src\\Illuminate\\Foundation\\Bootstrap\\BootProviders.php(17): Illuminate\\Foundation\\Application->boot()
#25 C:\\Users\\lenovo\\Downloads\\node_modules\\vendor\\laravel\\framework\\src\\Illuminate\\Foundation\\Application.php(265): Illuminate\\Foundation\\Bootstrap\\BootProviders->bootstrap(Object(Illuminate\\Foundation\\Application))
#26 C:\\Users\\lenovo\\Downloads\\node_modules\\vendor\\laravel\\framework\\src\\Illuminate\\Foundation\\Console\\Kernel.php(383): Illuminate\\Foundation\\Application->bootstrapWith(Array)
#27 C:\\Users\\lenovo\\Downloads\\node_modules\\vendor\\laravel\\framework\\src\\Illuminate\\Foundation\\Console\\Kernel.php(153): Illuminate\\Foundation\\Console\\Kernel->bootstrap()
#28 Command line code(1): Illuminate\\Foundation\\Console\\Kernel->handle(Object(Symfony\\Component\\Console\\Input\\ArgvInput), Object(Symfony\\Component\\Console\\Output\\ConsoleOutput))
#29 {main}
"} 
[2025-09-17 12:24:26] production.ERROR: Please provide a valid cache path. {"exception":"[object] (InvalidArgumentException(code: 0): Please provide a valid cache path. at C:\\Users\\lenovo\\Downloads\\node_modules\\vendor\\laravel\\framework\\src\\Illuminate\\View\\Compilers\\Compiler.php:66)
[stacktrace]
#0 C:\\Users\\lenovo\\Downloads\\node_modules\\vendor\\laravel\\framework\\src\\Illuminate\\View\\ViewServiceProvider.php(96): Illuminate\\View\\Compilers\\Compiler->__construct(Object(Illuminate\\Filesystem\\Filesystem), false, '', true, 'php')
#1 C:\\Users\\lenovo\\Downloads\\node_modules\\vendor\\laravel\\framework\\src\\Illuminate\\Container\\Container.php(885): Illuminate\\View\\ViewServiceProvider->Illuminate\\View\\{closure}(Object(Illuminate\\Foundation\\Application), Array)
#2 C:\\Users\\lenovo\\Downloads\\node_modules\\vendor\\laravel\\framework\\src\\Illuminate\\Container\\Container.php(770): Illuminate\\Container\\Container->build(Object(Closure))
#3 C:\\Users\\lenovo\\Downloads\\node_modules\\vendor\\laravel\\framework\\src\\Illuminate\\Foundation\\Application.php(881): Illuminate\\Container\\Container->resolve('blade.compiler', Array, true)
#4 C:\\Users\\lenovo\\Downloads\\node_modules\\vendor\\laravel\\framework\\src\\Illuminate\\Container\\Container.php(706): Illuminate\\Foundation\\Application->resolve('blade.compiler', Array)
#5 C:\\Users\\lenovo\\Downloads\\node_modules\\vendor\\laravel\\framework\\src\\Illuminate\\Foundation\\Application.php(866): Illuminate\\Container\\Container->make('blade.compiler', Array)
#6 C:\\Users\\lenovo\\Downloads\\node_modules\\vendor\\laravel\\framework\\src\\Illuminate\\Container\\Container.php(1431): Illuminate\\Foundation\\Application->make('blade.compiler')
#7 C:\\Users\\lenovo\\Downloads\\node_modules\\vendor\\laravel\\framework\\src\\Illuminate\\View\\ViewServiceProvider.php(164): Illuminate\\Container\\Container->offsetGet('blade.compiler')
#8 [internal function]: Illuminate\\View\\ViewServiceProvider->Illuminate\\View\\{closure}()
#9 C:\\Users\\lenovo\\Downloads\\node_modules\\vendor\\laravel\\framework\\src\\Illuminate\\View\\Engines\\EngineResolver.php(55): call_user_func(Object(Closure))
#10 C:\\Users\\lenovo\\Downloads\\node_modules\\vendor\\spatie\\laravel-csp\\src\\CspServiceProvider.php(35): Illuminate\\View\\Engines\\EngineResolver->resolve('blade')
#11 C:\\Users\\lenovo\\Downloads\\node_modules\\vendor\\spatie\\laravel-csp\\src\\CspServiceProvider.php(29): Spatie\\Csp\\CspServiceProvider->registerBladeDirectives()
#12 C:\\Users\\lenovo\\Downloads\\node_modules\\vendor\\laravel\\framework\\src\\Illuminate\\Support\\ServiceProvider.php(266): Spatie\\Csp\\CspServiceProvider->Spatie\\Csp\\{closure}(Object(Illuminate\\View\\Factory), Object(Illuminate\\Foundation\\Application))
#13 C:\\Users\\lenovo\\Downloads\\node_modules\\vendor\\spatie\\laravel-csp\\src\\CspServiceProvider.php(28): Illuminate\\Support\\ServiceProvider->callAfterResolving('view', Object(Closure))
#14 C:\\Users\\lenovo\\Downloads\\node_modules\\vendor\\spatie\\laravel-package-tools\\src\\PackageServiceProvider.php(91): Spatie\\Csp\\CspServiceProvider->packageBooted()
#15 C:\\Users\\lenovo\\Downloads\\node_modules\\vendor\\laravel\\framework\\src\\Illuminate\\Container\\BoundMethod.php(36): Spatie\\LaravelPackageTools\\PackageServiceProvider->boot()
#16 C:\\Users\\lenovo\\Downloads\\node_modules\\vendor\\laravel\\framework\\src\\Illuminate\\Container\\Util.php(41): Illuminate\\Container\\BoundMethod::Illuminate\\Container\\{closure}()
#17 C:\\Users\\lenovo\\Downloads\\node_modules\\vendor\\laravel\\framework\\src\\Illuminate\\Container\\BoundMethod.php(93): Illuminate\\Container\\Util::unwrapIfClosure(Object(Closure))
#18 C:\\Users\\lenovo\\Downloads\\node_modules\\vendor\\laravel\\framework\\src\\Illuminate\\Container\\BoundMethod.php(35): Illuminate\\Container\\BoundMethod::callBoundMethod(Object(Illuminate\\Foundation\\Application), Array, Object(Closure))
#19 C:\\Users\\lenovo\\Downloads\\node_modules\\vendor\\laravel\\framework\\src\\Illuminate\\Container\\Container.php(661): Illuminate\\Container\\BoundMethod::call(Object(Illuminate\\Foundation\\Application), Array, Array, NULL)
#20 C:\\Users\\lenovo\\Downloads\\node_modules\\vendor\\laravel\\framework\\src\\Illuminate\\Foundation\\Application.php(954): Illuminate\\Container\\Container->call(Array)
#21 C:\\Users\\lenovo\\Downloads\\node_modules\\vendor\\laravel\\framework\\src\\Illuminate\\Foundation\\Application.php(935): Illuminate\\Foundation\\Application->bootProvider(Object(Spatie\\Csp\\CspServiceProvider))
#22 [internal function]: Illuminate\\Foundation\\Application->Illuminate\\Foundation\\{closure}(Object(Spatie\\Csp\\CspServiceProvider), 30)
#23 C:\\Users\\lenovo\\Downloads\\node_modules\\vendor\\laravel\\framework\\src\\Illuminate\\Foundation\\Application.php(934): array_walk(Array, Object(Closure))
#24 C:\\Users\\lenovo\\Downloads\\node_modules\\vendor\\laravel\\framework\\src\\Illuminate\\Foundation\\Bootstrap\\BootProviders.php(17): Illuminate\\Foundation\\Application->boot()
#25 C:\\Users\\lenovo\\Downloads\\node_modules\\vendor\\laravel\\framework\\src\\Illuminate\\Foundation\\Application.php(265): Illuminate\\Foundation\\Bootstrap\\BootProviders->bootstrap(Object(Illuminate\\Foundation\\Application))
#26 C:\\Users\\lenovo\\Downloads\\node_modules\\vendor\\laravel\\framework\\src\\Illuminate\\Foundation\\Console\\Kernel.php(383): Illuminate\\Foundation\\Application->bootstrapWith(Array)
#27 C:\\Users\\lenovo\\Downloads\\node_modules\\vendor\\laravel\\framework\\src\\Illuminate\\Foundation\\Console\\Kernel.php(153): Illuminate\\Foundation\\Console\\Kernel->bootstrap()
#28 Command line code(1): Illuminate\\Foundation\\Console\\Kernel->handle(Object(Symfony\\Component\\Console\\Input\\ArgvInput), Object(Symfony\\Component\\Console\\Output\\ConsoleOutput))
#29 {main}
"} 
[2025-09-17 12:24:30] production.ERROR: Please provide a valid cache path. {"exception":"[object] (InvalidArgumentException(code: 0): Please provide a valid cache path. at C:\\Users\\lenovo\\Downloads\\node_modules\\vendor\\laravel\\framework\\src\\Illuminate\\View\\Compilers\\Compiler.php:66)
[stacktrace]
#0 C:\\Users\\lenovo\\Downloads\\node_modules\\vendor\\laravel\\framework\\src\\Illuminate\\View\\ViewServiceProvider.php(96): Illuminate\\View\\Compilers\\Compiler->__construct(Object(Illuminate\\Filesystem\\Filesystem), false, '', true, 'php')
#1 C:\\Users\\lenovo\\Downloads\\node_modules\\vendor\\laravel\\framework\\src\\Illuminate\\Container\\Container.php(885): Illuminate\\View\\ViewServiceProvider->Illuminate\\View\\{closure}(Object(Illuminate\\Foundation\\Application), Array)
#2 C:\\Users\\lenovo\\Downloads\\node_modules\\vendor\\laravel\\framework\\src\\Illuminate\\Container\\Container.php(770): Illuminate\\Container\\Container->build(Object(Closure))
#3 C:\\Users\\lenovo\\Downloads\\node_modules\\vendor\\laravel\\framework\\src\\Illuminate\\Foundation\\Application.php(881): Illuminate\\Container\\Container->resolve('blade.compiler', Array, true)
#4 C:\\Users\\lenovo\\Downloads\\node_modules\\vendor\\laravel\\framework\\src\\Illuminate\\Container\\Container.php(706): Illuminate\\Foundation\\Application->resolve('blade.compiler', Array)
#5 C:\\Users\\lenovo\\Downloads\\node_modules\\vendor\\laravel\\framework\\src\\Illuminate\\Foundation\\Application.php(866): Illuminate\\Container\\Container->make('blade.compiler', Array)
#6 C:\\Users\\lenovo\\Downloads\\node_modules\\vendor\\laravel\\framework\\src\\Illuminate\\Container\\Container.php(1431): Illuminate\\Foundation\\Application->make('blade.compiler')
#7 C:\\Users\\lenovo\\Downloads\\node_modules\\vendor\\laravel\\framework\\src\\Illuminate\\View\\ViewServiceProvider.php(164): Illuminate\\Container\\Container->offsetGet('blade.compiler')
#8 [internal function]: Illuminate\\View\\ViewServiceProvider->Illuminate\\View\\{closure}()
#9 C:\\Users\\lenovo\\Downloads\\node_modules\\vendor\\laravel\\framework\\src\\Illuminate\\View\\Engines\\EngineResolver.php(55): call_user_func(Object(Closure))
#10 C:\\Users\\lenovo\\Downloads\\node_modules\\vendor\\spatie\\laravel-csp\\src\\CspServiceProvider.php(35): Illuminate\\View\\Engines\\EngineResolver->resolve('blade')
#11 C:\\Users\\lenovo\\Downloads\\node_modules\\vendor\\spatie\\laravel-csp\\src\\CspServiceProvider.php(29): Spatie\\Csp\\CspServiceProvider->registerBladeDirectives()
#12 C:\\Users\\lenovo\\Downloads\\node_modules\\vendor\\laravel\\framework\\src\\Illuminate\\Support\\ServiceProvider.php(266): Spatie\\Csp\\CspServiceProvider->Spatie\\Csp\\{closure}(Object(Illuminate\\View\\Factory), Object(Illuminate\\Foundation\\Application))
#13 C:\\Users\\lenovo\\Downloads\\node_modules\\vendor\\spatie\\laravel-csp\\src\\CspServiceProvider.php(28): Illuminate\\Support\\ServiceProvider->callAfterResolving('view', Object(Closure))
#14 C:\\Users\\lenovo\\Downloads\\node_modules\\vendor\\spatie\\laravel-package-tools\\src\\PackageServiceProvider.php(91): Spatie\\Csp\\CspServiceProvider->packageBooted()
#15 C:\\Users\\lenovo\\Downloads\\node_modules\\vendor\\laravel\\framework\\src\\Illuminate\\Container\\BoundMethod.php(36): Spatie\\LaravelPackageTools\\PackageServiceProvider->boot()
#16 C:\\Users\\lenovo\\Downloads\\node_modules\\vendor\\laravel\\framework\\src\\Illuminate\\Container\\Util.php(41): Illuminate\\Container\\BoundMethod::Illuminate\\Container\\{closure}()
#17 C:\\Users\\lenovo\\Downloads\\node_modules\\vendor\\laravel\\framework\\src\\Illuminate\\Container\\BoundMethod.php(93): Illuminate\\Container\\Util::unwrapIfClosure(Object(Closure))
#18 C:\\Users\\lenovo\\Downloads\\node_modules\\vendor\\laravel\\framework\\src\\Illuminate\\Container\\BoundMethod.php(35): Illuminate\\Container\\BoundMethod::callBoundMethod(Object(Illuminate\\Foundation\\Application), Array, Object(Closure))
#19 C:\\Users\\lenovo\\Downloads\\node_modules\\vendor\\laravel\\framework\\src\\Illuminate\\Container\\Container.php(661): Illuminate\\Container\\BoundMethod::call(Object(Illuminate\\Foundation\\Application), Array, Array, NULL)
#20 C:\\Users\\lenovo\\Downloads\\node_modules\\vendor\\laravel\\framework\\src\\Illuminate\\Foundation\\Application.php(954): Illuminate\\Container\\Container->call(Array)
#21 C:\\Users\\lenovo\\Downloads\\node_modules\\vendor\\laravel\\framework\\src\\Illuminate\\Foundation\\Application.php(935): Illuminate\\Foundation\\Application->bootProvider(Object(Spatie\\Csp\\CspServiceProvider))
#22 [internal function]: Illuminate\\Foundation\\Application->Illuminate\\Foundation\\{closure}(Object(Spatie\\Csp\\CspServiceProvider), 29)
#23 C:\\Users\\lenovo\\Downloads\\node_modules\\vendor\\laravel\\framework\\src\\Illuminate\\Foundation\\Application.php(934): array_walk(Array, Object(Closure))
#24 C:\\Users\\lenovo\\Downloads\\node_modules\\vendor\\laravel\\framework\\src\\Illuminate\\Foundation\\Bootstrap\\BootProviders.php(17): Illuminate\\Foundation\\Application->boot()
#25 C:\\Users\\lenovo\\Downloads\\node_modules\\vendor\\laravel\\framework\\src\\Illuminate\\Foundation\\Application.php(265): Illuminate\\Foundation\\Bootstrap\\BootProviders->bootstrap(Object(Illuminate\\Foundation\\Application))
#26 C:\\Users\\lenovo\\Downloads\\node_modules\\vendor\\laravel\\framework\\src\\Illuminate\\Foundation\\Console\\Kernel.php(383): Illuminate\\Foundation\\Application->bootstrapWith(Array)
#27 C:\\Users\\lenovo\\Downloads\\node_modules\\vendor\\laravel\\framework\\src\\Illuminate\\Foundation\\Console\\Kernel.php(153): Illuminate\\Foundation\\Console\\Kernel->bootstrap()
#28 C:\\Users\\lenovo\\Downloads\\node_modules\\artisan(35): Illuminate\\Foundation\\Console\\Kernel->handle(Object(Symfony\\Component\\Console\\Input\\ArgvInput), Object(Symfony\\Component\\Console\\Output\\ConsoleOutput))
#29 {main}
"} 
[2025-09-17 12:25:25] production.ERROR: Please provide a valid cache path. {"exception":"[object] (InvalidArgumentException(code: 0): Please provide a valid cache path. at C:\\Users\\lenovo\\Downloads\\node_modules\\vendor\\laravel\\framework\\src\\Illuminate\\View\\Compilers\\Compiler.php:66)
[stacktrace]
#0 C:\\Users\\lenovo\\Downloads\\node_modules\\vendor\\laravel\\framework\\src\\Illuminate\\View\\ViewServiceProvider.php(96): Illuminate\\View\\Compilers\\Compiler->__construct(Object(Illuminate\\Filesystem\\Filesystem), false, '', true, 'php')
#1 C:\\Users\\lenovo\\Downloads\\node_modules\\vendor\\laravel\\framework\\src\\Illuminate\\Container\\Container.php(885): Illuminate\\View\\ViewServiceProvider->Illuminate\\View\\{closure}(Object(Illuminate\\Foundation\\Application), Array)
#2 C:\\Users\\lenovo\\Downloads\\node_modules\\vendor\\laravel\\framework\\src\\Illuminate\\Container\\Container.php(770): Illuminate\\Container\\Container->build(Object(Closure))
#3 C:\\Users\\lenovo\\Downloads\\node_modules\\vendor\\laravel\\framework\\src\\Illuminate\\Foundation\\Application.php(881): Illuminate\\Container\\Container->resolve('blade.compiler', Array, true)
#4 C:\\Users\\lenovo\\Downloads\\node_modules\\vendor\\laravel\\framework\\src\\Illuminate\\Container\\Container.php(706): Illuminate\\Foundation\\Application->resolve('blade.compiler', Array)
#5 C:\\Users\\lenovo\\Downloads\\node_modules\\vendor\\laravel\\framework\\src\\Illuminate\\Foundation\\Application.php(866): Illuminate\\Container\\Container->make('blade.compiler', Array)
#6 C:\\Users\\lenovo\\Downloads\\node_modules\\vendor\\laravel\\framework\\src\\Illuminate\\Container\\Container.php(1431): Illuminate\\Foundation\\Application->make('blade.compiler')
#7 C:\\Users\\lenovo\\Downloads\\node_modules\\vendor\\laravel\\framework\\src\\Illuminate\\View\\ViewServiceProvider.php(164): Illuminate\\Container\\Container->offsetGet('blade.compiler')
#8 [internal function]: Illuminate\\View\\ViewServiceProvider->Illuminate\\View\\{closure}()
#9 C:\\Users\\lenovo\\Downloads\\node_modules\\vendor\\laravel\\framework\\src\\Illuminate\\View\\Engines\\EngineResolver.php(55): call_user_func(Object(Closure))
#10 C:\\Users\\lenovo\\Downloads\\node_modules\\vendor\\spatie\\laravel-csp\\src\\CspServiceProvider.php(35): Illuminate\\View\\Engines\\EngineResolver->resolve('blade')
#11 C:\\Users\\lenovo\\Downloads\\node_modules\\vendor\\spatie\\laravel-csp\\src\\CspServiceProvider.php(29): Spatie\\Csp\\CspServiceProvider->registerBladeDirectives()
#12 C:\\Users\\lenovo\\Downloads\\node_modules\\vendor\\laravel\\framework\\src\\Illuminate\\Support\\ServiceProvider.php(266): Spatie\\Csp\\CspServiceProvider->Spatie\\Csp\\{closure}(Object(Illuminate\\View\\Factory), Object(Illuminate\\Foundation\\Application))
#13 C:\\Users\\lenovo\\Downloads\\node_modules\\vendor\\spatie\\laravel-csp\\src\\CspServiceProvider.php(28): Illuminate\\Support\\ServiceProvider->callAfterResolving('view', Object(Closure))
#14 C:\\Users\\lenovo\\Downloads\\node_modules\\vendor\\spatie\\laravel-package-tools\\src\\PackageServiceProvider.php(91): Spatie\\Csp\\CspServiceProvider->packageBooted()
#15 C:\\Users\\lenovo\\Downloads\\node_modules\\vendor\\laravel\\framework\\src\\Illuminate\\Container\\BoundMethod.php(36): Spatie\\LaravelPackageTools\\PackageServiceProvider->boot()
#16 C:\\Users\\lenovo\\Downloads\\node_modules\\vendor\\laravel\\framework\\src\\Illuminate\\Container\\Util.php(41): Illuminate\\Container\\BoundMethod::Illuminate\\Container\\{closure}()
#17 C:\\Users\\lenovo\\Downloads\\node_modules\\vendor\\laravel\\framework\\src\\Illuminate\\Container\\BoundMethod.php(93): Illuminate\\Container\\Util::unwrapIfClosure(Object(Closure))
#18 C:\\Users\\lenovo\\Downloads\\node_modules\\vendor\\laravel\\framework\\src\\Illuminate\\Container\\BoundMethod.php(35): Illuminate\\Container\\BoundMethod::callBoundMethod(Object(Illuminate\\Foundation\\Application), Array, Object(Closure))
#19 C:\\Users\\lenovo\\Downloads\\node_modules\\vendor\\laravel\\framework\\src\\Illuminate\\Container\\Container.php(661): Illuminate\\Container\\BoundMethod::call(Object(Illuminate\\Foundation\\Application), Array, Array, NULL)
#20 C:\\Users\\lenovo\\Downloads\\node_modules\\vendor\\laravel\\framework\\src\\Illuminate\\Foundation\\Application.php(954): Illuminate\\Container\\Container->call(Array)
#21 C:\\Users\\lenovo\\Downloads\\node_modules\\vendor\\laravel\\framework\\src\\Illuminate\\Foundation\\Application.php(935): Illuminate\\Foundation\\Application->bootProvider(Object(Spatie\\Csp\\CspServiceProvider))
#22 [internal function]: Illuminate\\Foundation\\Application->Illuminate\\Foundation\\{closure}(Object(Spatie\\Csp\\CspServiceProvider), 30)
#23 C:\\Users\\lenovo\\Downloads\\node_modules\\vendor\\laravel\\framework\\src\\Illuminate\\Foundation\\Application.php(934): array_walk(Array, Object(Closure))
#24 C:\\Users\\lenovo\\Downloads\\node_modules\\vendor\\laravel\\framework\\src\\Illuminate\\Foundation\\Bootstrap\\BootProviders.php(17): Illuminate\\Foundation\\Application->boot()
#25 C:\\Users\\lenovo\\Downloads\\node_modules\\vendor\\laravel\\framework\\src\\Illuminate\\Foundation\\Application.php(265): Illuminate\\Foundation\\Bootstrap\\BootProviders->bootstrap(Object(Illuminate\\Foundation\\Application))
#26 C:\\Users\\lenovo\\Downloads\\node_modules\\vendor\\laravel\\framework\\src\\Illuminate\\Foundation\\Console\\Kernel.php(383): Illuminate\\Foundation\\Application->bootstrapWith(Array)
#27 C:\\Users\\lenovo\\Downloads\\node_modules\\vendor\\laravel\\framework\\src\\Illuminate\\Foundation\\Console\\Kernel.php(153): Illuminate\\Foundation\\Console\\Kernel->bootstrap()
#28 Command line code(1): Illuminate\\Foundation\\Console\\Kernel->handle(Object(Symfony\\Component\\Console\\Input\\ArgvInput), Object(Symfony\\Component\\Console\\Output\\ConsoleOutput))
#29 {main}
"} 
[2025-09-17 12:53:40] production.ERROR: Please provide a valid cache path. {"exception":"[object] (InvalidArgumentException(code: 0): Please provide a valid cache path. at C:\\Users\\lenovo\\Downloads\\revdb\\vendor\\laravel\\framework\\src\\Illuminate\\View\\Compilers\\Compiler.php:66)
[stacktrace]
#0 C:\\Users\\lenovo\\Downloads\\revdb\\vendor\\laravel\\framework\\src\\Illuminate\\View\\ViewServiceProvider.php(96): Illuminate\\View\\Compilers\\Compiler->__construct(Object(Illuminate\\Filesystem\\Filesystem), false, '', true, 'php')
#1 C:\\Users\\lenovo\\Downloads\\revdb\\vendor\\laravel\\framework\\src\\Illuminate\\Container\\Container.php(885): Illuminate\\View\\ViewServiceProvider->Illuminate\\View\\{closure}(Object(Illuminate\\Foundation\\Application), Array)
#2 C:\\Users\\lenovo\\Downloads\\revdb\\vendor\\laravel\\framework\\src\\Illuminate\\Container\\Container.php(770): Illuminate\\Container\\Container->build(Object(Closure))
#3 C:\\Users\\lenovo\\Downloads\\revdb\\vendor\\laravel\\framework\\src\\Illuminate\\Foundation\\Application.php(881): Illuminate\\Container\\Container->resolve('blade.compiler', Array, true)
#4 C:\\Users\\lenovo\\Downloads\\revdb\\vendor\\laravel\\framework\\src\\Illuminate\\Container\\Container.php(706): Illuminate\\Foundation\\Application->resolve('blade.compiler', Array)
#5 C:\\Users\\lenovo\\Downloads\\revdb\\vendor\\laravel\\framework\\src\\Illuminate\\Foundation\\Application.php(866): Illuminate\\Container\\Container->make('blade.compiler', Array)
#6 C:\\Users\\lenovo\\Downloads\\revdb\\vendor\\laravel\\framework\\src\\Illuminate\\Container\\Container.php(1431): Illuminate\\Foundation\\Application->make('blade.compiler')
#7 C:\\Users\\lenovo\\Downloads\\revdb\\vendor\\laravel\\framework\\src\\Illuminate\\View\\ViewServiceProvider.php(164): Illuminate\\Container\\Container->offsetGet('blade.compiler')
#8 [internal function]: Illuminate\\View\\ViewServiceProvider->Illuminate\\View\\{closure}()
#9 C:\\Users\\lenovo\\Downloads\\revdb\\vendor\\laravel\\framework\\src\\Illuminate\\View\\Engines\\EngineResolver.php(55): call_user_func(Object(Closure))
#10 C:\\Users\\lenovo\\Downloads\\revdb\\vendor\\spatie\\laravel-csp\\src\\CspServiceProvider.php(35): Illuminate\\View\\Engines\\EngineResolver->resolve('blade')
#11 C:\\Users\\lenovo\\Downloads\\revdb\\vendor\\spatie\\laravel-csp\\src\\CspServiceProvider.php(29): Spatie\\Csp\\CspServiceProvider->registerBladeDirectives()
#12 C:\\Users\\lenovo\\Downloads\\revdb\\vendor\\laravel\\framework\\src\\Illuminate\\Support\\ServiceProvider.php(266): Spatie\\Csp\\CspServiceProvider->Spatie\\Csp\\{closure}(Object(Illuminate\\View\\Factory), Object(Illuminate\\Foundation\\Application))
#13 C:\\Users\\lenovo\\Downloads\\revdb\\vendor\\spatie\\laravel-csp\\src\\CspServiceProvider.php(28): Illuminate\\Support\\ServiceProvider->callAfterResolving('view', Object(Closure))
#14 C:\\Users\\lenovo\\Downloads\\revdb\\vendor\\spatie\\laravel-package-tools\\src\\PackageServiceProvider.php(91): Spatie\\Csp\\CspServiceProvider->packageBooted()
#15 C:\\Users\\lenovo\\Downloads\\revdb\\vendor\\laravel\\framework\\src\\Illuminate\\Container\\BoundMethod.php(36): Spatie\\LaravelPackageTools\\PackageServiceProvider->boot()
#16 C:\\Users\\lenovo\\Downloads\\revdb\\vendor\\laravel\\framework\\src\\Illuminate\\Container\\Util.php(41): Illuminate\\Container\\BoundMethod::Illuminate\\Container\\{closure}()
#17 C:\\Users\\lenovo\\Downloads\\revdb\\vendor\\laravel\\framework\\src\\Illuminate\\Container\\BoundMethod.php(93): Illuminate\\Container\\Util::unwrapIfClosure(Object(Closure))
#18 C:\\Users\\lenovo\\Downloads\\revdb\\vendor\\laravel\\framework\\src\\Illuminate\\Container\\BoundMethod.php(35): Illuminate\\Container\\BoundMethod::callBoundMethod(Object(Illuminate\\Foundation\\Application), Array, Object(Closure))
#19 C:\\Users\\lenovo\\Downloads\\revdb\\vendor\\laravel\\framework\\src\\Illuminate\\Container\\Container.php(661): Illuminate\\Container\\BoundMethod::call(Object(Illuminate\\Foundation\\Application), Array, Array, NULL)
#20 C:\\Users\\lenovo\\Downloads\\revdb\\vendor\\laravel\\framework\\src\\Illuminate\\Foundation\\Application.php(954): Illuminate\\Container\\Container->call(Array)
#21 C:\\Users\\lenovo\\Downloads\\revdb\\vendor\\laravel\\framework\\src\\Illuminate\\Foundation\\Application.php(935): Illuminate\\Foundation\\Application->bootProvider(Object(Spatie\\Csp\\CspServiceProvider))
#22 [internal function]: Illuminate\\Foundation\\Application->Illuminate\\Foundation\\{closure}(Object(Spatie\\Csp\\CspServiceProvider), 29)
#23 C:\\Users\\lenovo\\Downloads\\revdb\\vendor\\laravel\\framework\\src\\Illuminate\\Foundation\\Application.php(934): array_walk(Array, Object(Closure))
#24 C:\\Users\\lenovo\\Downloads\\revdb\\vendor\\laravel\\framework\\src\\Illuminate\\Foundation\\Bootstrap\\BootProviders.php(17): Illuminate\\Foundation\\Application->boot()
#25 C:\\Users\\lenovo\\Downloads\\revdb\\vendor\\laravel\\framework\\src\\Illuminate\\Foundation\\Application.php(265): Illuminate\\Foundation\\Bootstrap\\BootProviders->bootstrap(Object(Illuminate\\Foundation\\Application))
#26 C:\\Users\\lenovo\\Downloads\\revdb\\vendor\\laravel\\framework\\src\\Illuminate\\Foundation\\Console\\Kernel.php(383): Illuminate\\Foundation\\Application->bootstrapWith(Array)
#27 C:\\Users\\lenovo\\Downloads\\revdb\\vendor\\laravel\\framework\\src\\Illuminate\\Foundation\\Console\\Kernel.php(153): Illuminate\\Foundation\\Console\\Kernel->bootstrap()
#28 C:\\Users\\lenovo\\Downloads\\revdb\\artisan(35): Illuminate\\Foundation\\Console\\Kernel->handle(Object(Symfony\\Component\\Console\\Input\\ArgvInput), Object(Symfony\\Component\\Console\\Output\\ConsoleOutput))
#29 {main}
"} 
[2025-09-17 12:59:14] production.ERROR: Please provide a valid cache path. {"exception":"[object] (InvalidArgumentException(code: 0): Please provide a valid cache path. at C:\\Users\\lenovo\\Downloads\\revdb\\vendor\\laravel\\framework\\src\\Illuminate\\View\\Compilers\\Compiler.php:66)
[stacktrace]
#0 C:\\Users\\lenovo\\Downloads\\revdb\\vendor\\laravel\\framework\\src\\Illuminate\\View\\ViewServiceProvider.php(96): Illuminate\\View\\Compilers\\Compiler->__construct(Object(Illuminate\\Filesystem\\Filesystem), false, '', true, 'php')
#1 C:\\Users\\lenovo\\Downloads\\revdb\\vendor\\laravel\\framework\\src\\Illuminate\\Container\\Container.php(885): Illuminate\\View\\ViewServiceProvider->Illuminate\\View\\{closure}(Object(Illuminate\\Foundation\\Application), Array)
#2 C:\\Users\\lenovo\\Downloads\\revdb\\vendor\\laravel\\framework\\src\\Illuminate\\Container\\Container.php(770): Illuminate\\Container\\Container->build(Object(Closure))
#3 C:\\Users\\lenovo\\Downloads\\revdb\\vendor\\laravel\\framework\\src\\Illuminate\\Foundation\\Application.php(881): Illuminate\\Container\\Container->resolve('blade.compiler', Array, true)
#4 C:\\Users\\lenovo\\Downloads\\revdb\\vendor\\laravel\\framework\\src\\Illuminate\\Container\\Container.php(706): Illuminate\\Foundation\\Application->resolve('blade.compiler', Array)
#5 C:\\Users\\lenovo\\Downloads\\revdb\\vendor\\laravel\\framework\\src\\Illuminate\\Foundation\\Application.php(866): Illuminate\\Container\\Container->make('blade.compiler', Array)
#6 C:\\Users\\lenovo\\Downloads\\revdb\\vendor\\laravel\\framework\\src\\Illuminate\\Container\\Container.php(1431): Illuminate\\Foundation\\Application->make('blade.compiler')
#7 C:\\Users\\lenovo\\Downloads\\revdb\\vendor\\laravel\\framework\\src\\Illuminate\\View\\ViewServiceProvider.php(164): Illuminate\\Container\\Container->offsetGet('blade.compiler')
#8 [internal function]: Illuminate\\View\\ViewServiceProvider->Illuminate\\View\\{closure}()
#9 C:\\Users\\lenovo\\Downloads\\revdb\\vendor\\laravel\\framework\\src\\Illuminate\\View\\Engines\\EngineResolver.php(55): call_user_func(Object(Closure))
#10 C:\\Users\\lenovo\\Downloads\\revdb\\vendor\\spatie\\laravel-csp\\src\\CspServiceProvider.php(35): Illuminate\\View\\Engines\\EngineResolver->resolve('blade')
#11 C:\\Users\\lenovo\\Downloads\\revdb\\vendor\\spatie\\laravel-csp\\src\\CspServiceProvider.php(29): Spatie\\Csp\\CspServiceProvider->registerBladeDirectives()
#12 C:\\Users\\lenovo\\Downloads\\revdb\\vendor\\laravel\\framework\\src\\Illuminate\\Support\\ServiceProvider.php(266): Spatie\\Csp\\CspServiceProvider->Spatie\\Csp\\{closure}(Object(Illuminate\\View\\Factory), Object(Illuminate\\Foundation\\Application))
#13 C:\\Users\\lenovo\\Downloads\\revdb\\vendor\\spatie\\laravel-csp\\src\\CspServiceProvider.php(28): Illuminate\\Support\\ServiceProvider->callAfterResolving('view', Object(Closure))
#14 C:\\Users\\lenovo\\Downloads\\revdb\\vendor\\spatie\\laravel-package-tools\\src\\PackageServiceProvider.php(91): Spatie\\Csp\\CspServiceProvider->packageBooted()
#15 C:\\Users\\lenovo\\Downloads\\revdb\\vendor\\laravel\\framework\\src\\Illuminate\\Container\\BoundMethod.php(36): Spatie\\LaravelPackageTools\\PackageServiceProvider->boot()
#16 C:\\Users\\lenovo\\Downloads\\revdb\\vendor\\laravel\\framework\\src\\Illuminate\\Container\\Util.php(41): Illuminate\\Container\\BoundMethod::Illuminate\\Container\\{closure}()
#17 C:\\Users\\lenovo\\Downloads\\revdb\\vendor\\laravel\\framework\\src\\Illuminate\\Container\\BoundMethod.php(93): Illuminate\\Container\\Util::unwrapIfClosure(Object(Closure))
#18 C:\\Users\\lenovo\\Downloads\\revdb\\vendor\\laravel\\framework\\src\\Illuminate\\Container\\BoundMethod.php(35): Illuminate\\Container\\BoundMethod::callBoundMethod(Object(Illuminate\\Foundation\\Application), Array, Object(Closure))
#19 C:\\Users\\lenovo\\Downloads\\revdb\\vendor\\laravel\\framework\\src\\Illuminate\\Container\\Container.php(661): Illuminate\\Container\\BoundMethod::call(Object(Illuminate\\Foundation\\Application), Array, Array, NULL)
#20 C:\\Users\\lenovo\\Downloads\\revdb\\vendor\\laravel\\framework\\src\\Illuminate\\Foundation\\Application.php(954): Illuminate\\Container\\Container->call(Array)
#21 C:\\Users\\lenovo\\Downloads\\revdb\\vendor\\laravel\\framework\\src\\Illuminate\\Foundation\\Application.php(935): Illuminate\\Foundation\\Application->bootProvider(Object(Spatie\\Csp\\CspServiceProvider))
#22 [internal function]: Illuminate\\Foundation\\Application->Illuminate\\Foundation\\{closure}(Object(Spatie\\Csp\\CspServiceProvider), 29)
#23 C:\\Users\\lenovo\\Downloads\\revdb\\vendor\\laravel\\framework\\src\\Illuminate\\Foundation\\Application.php(934): array_walk(Array, Object(Closure))
#24 C:\\Users\\lenovo\\Downloads\\revdb\\vendor\\laravel\\framework\\src\\Illuminate\\Foundation\\Bootstrap\\BootProviders.php(17): Illuminate\\Foundation\\Application->boot()
#25 C:\\Users\\lenovo\\Downloads\\revdb\\vendor\\laravel\\framework\\src\\Illuminate\\Foundation\\Application.php(265): Illuminate\\Foundation\\Bootstrap\\BootProviders->bootstrap(Object(Illuminate\\Foundation\\Application))
#26 C:\\Users\\lenovo\\Downloads\\revdb\\vendor\\laravel\\framework\\src\\Illuminate\\Foundation\\Console\\Kernel.php(383): Illuminate\\Foundation\\Application->bootstrapWith(Array)
#27 C:\\Users\\lenovo\\Downloads\\revdb\\vendor\\laravel\\framework\\src\\Illuminate\\Foundation\\Console\\Kernel.php(153): Illuminate\\Foundation\\Console\\Kernel->bootstrap()
#28 C:\\Users\\lenovo\\Downloads\\revdb\\artisan(35): Illuminate\\Foundation\\Console\\Kernel->handle(Object(Symfony\\Component\\Console\\Input\\ArgvInput), Object(Symfony\\Component\\Console\\Output\\ConsoleOutput))
#29 {main}
"} 
[2025-09-17 12:59:39] production.ERROR: Please provide a valid cache path. {"exception":"[object] (InvalidArgumentException(code: 0): Please provide a valid cache path. at C:\\Users\\lenovo\\Downloads\\revdb\\vendor\\laravel\\framework\\src\\Illuminate\\View\\Compilers\\Compiler.php:66)
[stacktrace]
#0 C:\\Users\\lenovo\\Downloads\\revdb\\vendor\\laravel\\framework\\src\\Illuminate\\View\\ViewServiceProvider.php(96): Illuminate\\View\\Compilers\\Compiler->__construct(Object(Illuminate\\Filesystem\\Filesystem), false, '', true, 'php')
#1 C:\\Users\\lenovo\\Downloads\\revdb\\vendor\\laravel\\framework\\src\\Illuminate\\Container\\Container.php(885): Illuminate\\View\\ViewServiceProvider->Illuminate\\View\\{closure}(Object(Illuminate\\Foundation\\Application), Array)
#2 C:\\Users\\lenovo\\Downloads\\revdb\\vendor\\laravel\\framework\\src\\Illuminate\\Container\\Container.php(770): Illuminate\\Container\\Container->build(Object(Closure))
#3 C:\\Users\\lenovo\\Downloads\\revdb\\vendor\\laravel\\framework\\src\\Illuminate\\Foundation\\Application.php(881): Illuminate\\Container\\Container->resolve('blade.compiler', Array, true)
#4 C:\\Users\\lenovo\\Downloads\\revdb\\vendor\\laravel\\framework\\src\\Illuminate\\Container\\Container.php(706): Illuminate\\Foundation\\Application->resolve('blade.compiler', Array)
#5 C:\\Users\\lenovo\\Downloads\\revdb\\vendor\\laravel\\framework\\src\\Illuminate\\Foundation\\Application.php(866): Illuminate\\Container\\Container->make('blade.compiler', Array)
#6 C:\\Users\\lenovo\\Downloads\\revdb\\vendor\\laravel\\framework\\src\\Illuminate\\Container\\Container.php(1431): Illuminate\\Foundation\\Application->make('blade.compiler')
#7 C:\\Users\\lenovo\\Downloads\\revdb\\vendor\\laravel\\framework\\src\\Illuminate\\View\\ViewServiceProvider.php(164): Illuminate\\Container\\Container->offsetGet('blade.compiler')
#8 [internal function]: Illuminate\\View\\ViewServiceProvider->Illuminate\\View\\{closure}()
#9 C:\\Users\\lenovo\\Downloads\\revdb\\vendor\\laravel\\framework\\src\\Illuminate\\View\\Engines\\EngineResolver.php(55): call_user_func(Object(Closure))
#10 C:\\Users\\lenovo\\Downloads\\revdb\\vendor\\spatie\\laravel-csp\\src\\CspServiceProvider.php(35): Illuminate\\View\\Engines\\EngineResolver->resolve('blade')
#11 C:\\Users\\lenovo\\Downloads\\revdb\\vendor\\spatie\\laravel-csp\\src\\CspServiceProvider.php(29): Spatie\\Csp\\CspServiceProvider->registerBladeDirectives()
#12 C:\\Users\\lenovo\\Downloads\\revdb\\vendor\\laravel\\framework\\src\\Illuminate\\Support\\ServiceProvider.php(266): Spatie\\Csp\\CspServiceProvider->Spatie\\Csp\\{closure}(Object(Illuminate\\View\\Factory), Object(Illuminate\\Foundation\\Application))
#13 C:\\Users\\lenovo\\Downloads\\revdb\\vendor\\spatie\\laravel-csp\\src\\CspServiceProvider.php(28): Illuminate\\Support\\ServiceProvider->callAfterResolving('view', Object(Closure))
#14 C:\\Users\\lenovo\\Downloads\\revdb\\vendor\\spatie\\laravel-package-tools\\src\\PackageServiceProvider.php(91): Spatie\\Csp\\CspServiceProvider->packageBooted()
#15 C:\\Users\\lenovo\\Downloads\\revdb\\vendor\\laravel\\framework\\src\\Illuminate\\Container\\BoundMethod.php(36): Spatie\\LaravelPackageTools\\PackageServiceProvider->boot()
#16 C:\\Users\\lenovo\\Downloads\\revdb\\vendor\\laravel\\framework\\src\\Illuminate\\Container\\Util.php(41): Illuminate\\Container\\BoundMethod::Illuminate\\Container\\{closure}()
#17 C:\\Users\\lenovo\\Downloads\\revdb\\vendor\\laravel\\framework\\src\\Illuminate\\Container\\BoundMethod.php(93): Illuminate\\Container\\Util::unwrapIfClosure(Object(Closure))
#18 C:\\Users\\lenovo\\Downloads\\revdb\\vendor\\laravel\\framework\\src\\Illuminate\\Container\\BoundMethod.php(35): Illuminate\\Container\\BoundMethod::callBoundMethod(Object(Illuminate\\Foundation\\Application), Array, Object(Closure))
#19 C:\\Users\\lenovo\\Downloads\\revdb\\vendor\\laravel\\framework\\src\\Illuminate\\Container\\Container.php(661): Illuminate\\Container\\BoundMethod::call(Object(Illuminate\\Foundation\\Application), Array, Array, NULL)
#20 C:\\Users\\lenovo\\Downloads\\revdb\\vendor\\laravel\\framework\\src\\Illuminate\\Foundation\\Application.php(954): Illuminate\\Container\\Container->call(Array)
#21 C:\\Users\\lenovo\\Downloads\\revdb\\vendor\\laravel\\framework\\src\\Illuminate\\Foundation\\Application.php(935): Illuminate\\Foundation\\Application->bootProvider(Object(Spatie\\Csp\\CspServiceProvider))
#22 [internal function]: Illuminate\\Foundation\\Application->Illuminate\\Foundation\\{closure}(Object(Spatie\\Csp\\CspServiceProvider), 29)
#23 C:\\Users\\lenovo\\Downloads\\revdb\\vendor\\laravel\\framework\\src\\Illuminate\\Foundation\\Application.php(934): array_walk(Array, Object(Closure))
#24 C:\\Users\\lenovo\\Downloads\\revdb\\vendor\\laravel\\framework\\src\\Illuminate\\Foundation\\Bootstrap\\BootProviders.php(17): Illuminate\\Foundation\\Application->boot()
#25 C:\\Users\\lenovo\\Downloads\\revdb\\vendor\\laravel\\framework\\src\\Illuminate\\Foundation\\Application.php(265): Illuminate\\Foundation\\Bootstrap\\BootProviders->bootstrap(Object(Illuminate\\Foundation\\Application))
#26 C:\\Users\\lenovo\\Downloads\\revdb\\vendor\\laravel\\framework\\src\\Illuminate\\Foundation\\Console\\Kernel.php(383): Illuminate\\Foundation\\Application->bootstrapWith(Array)
#27 C:\\Users\\lenovo\\Downloads\\revdb\\vendor\\laravel\\framework\\src\\Illuminate\\Foundation\\Console\\Kernel.php(153): Illuminate\\Foundation\\Console\\Kernel->bootstrap()
#28 C:\\Users\\lenovo\\Downloads\\revdb\\artisan(35): Illuminate\\Foundation\\Console\\Kernel->handle(Object(Symfony\\Component\\Console\\Input\\ArgvInput), Object(Symfony\\Component\\Console\\Output\\ConsoleOutput))
#29 {main}
"} 
[2025-09-17 14:10:43] production.ERROR: Class "Redis" not found {"exception":"[object] (Error(code: 0): Class \"Redis\" not found at C:\\Users\\lenovo\\Downloads\\revdb\\vendor\\laravel\\framework\\src\\Illuminate\\Redis\\Connectors\\PhpRedisConnector.php:81)
[stacktrace]
#0 C:\\Users\\lenovo\\Downloads\\revdb\\vendor\\laravel\\framework\\src\\Illuminate\\Redis\\Connectors\\PhpRedisConnector.php(33): Illuminate\\Redis\\Connectors\\PhpRedisConnector->createClient(Array)
#1 C:\\Users\\lenovo\\Downloads\\revdb\\vendor\\laravel\\framework\\src\\Illuminate\\Redis\\Connectors\\PhpRedisConnector.php(38): Illuminate\\Redis\\Connectors\\PhpRedisConnector->Illuminate\\Redis\\Connectors\\{closure}()
#2 C:\\Users\\lenovo\\Downloads\\revdb\\vendor\\laravel\\framework\\src\\Illuminate\\Redis\\RedisManager.php(110): Illuminate\\Redis\\Connectors\\PhpRedisConnector->connect(Array, Array)
#3 C:\\Users\\lenovo\\Downloads\\revdb\\vendor\\laravel\\framework\\src\\Illuminate\\Redis\\RedisManager.php(91): Illuminate\\Redis\\RedisManager->resolve('cache')
#4 C:\\Users\\lenovo\\Downloads\\revdb\\vendor\\laravel\\framework\\src\\Illuminate\\Cache\\RedisStore.php(262): Illuminate\\Redis\\RedisManager->connection('cache')
#5 C:\\Users\\lenovo\\Downloads\\revdb\\vendor\\laravel\\framework\\src\\Illuminate\\Cache\\RedisStore.php(237): Illuminate\\Cache\\RedisStore->connection()
#6 C:\\Users\\lenovo\\Downloads\\revdb\\vendor\\laravel\\framework\\src\\Illuminate\\Cache\\Repository.php(680): Illuminate\\Cache\\RedisStore->flush()
#7 C:\\Users\\lenovo\\Downloads\\revdb\\vendor\\laravel\\framework\\src\\Illuminate\\Cache\\Console\\ClearCommand.php(80): Illuminate\\Cache\\Repository->__call('flush', Array)
#8 C:\\Users\\lenovo\\Downloads\\revdb\\vendor\\laravel\\framework\\src\\Illuminate\\Container\\BoundMethod.php(36): Illuminate\\Cache\\Console\\ClearCommand->handle()
#9 C:\\Users\\lenovo\\Downloads\\revdb\\vendor\\laravel\\framework\\src\\Illuminate\\Container\\Util.php(41): Illuminate\\Container\\BoundMethod::Illuminate\\Container\\{closure}()
#10 C:\\Users\\lenovo\\Downloads\\revdb\\vendor\\laravel\\framework\\src\\Illuminate\\Container\\BoundMethod.php(93): Illuminate\\Container\\Util::unwrapIfClosure(Object(Closure))
#11 C:\\Users\\lenovo\\Downloads\\revdb\\vendor\\laravel\\framework\\src\\Illuminate\\Container\\BoundMethod.php(35): Illuminate\\Container\\BoundMethod::callBoundMethod(Object(Illuminate\\Foundation\\Application), Array, Object(Closure))
#12 C:\\Users\\lenovo\\Downloads\\revdb\\vendor\\laravel\\framework\\src\\Illuminate\\Container\\Container.php(661): Illuminate\\Container\\BoundMethod::call(Object(Illuminate\\Foundation\\Application), Array, Array, NULL)
#13 C:\\Users\\lenovo\\Downloads\\revdb\\vendor\\laravel\\framework\\src\\Illuminate\\Console\\Command.php(183): Illuminate\\Container\\Container->call(Array)
#14 C:\\Users\\lenovo\\Downloads\\revdb\\vendor\\symfony\\console\\Command\\Command.php(326): Illuminate\\Console\\Command->execute(Object(Symfony\\Component\\Console\\Input\\ArrayInput), Object(Illuminate\\Console\\OutputStyle))
#15 C:\\Users\\lenovo\\Downloads\\revdb\\vendor\\laravel\\framework\\src\\Illuminate\\Console\\Command.php(152): Symfony\\Component\\Console\\Command\\Command->run(Object(Symfony\\Component\\Console\\Input\\ArrayInput), Object(Illuminate\\Console\\OutputStyle))
#16 C:\\Users\\lenovo\\Downloads\\revdb\\vendor\\laravel\\framework\\src\\Illuminate\\Console\\Concerns\\CallsCommands.php(67): Illuminate\\Console\\Command->run(Object(Symfony\\Component\\Console\\Input\\ArrayInput), Object(Symfony\\Component\\Console\\Output\\NullOutput))
#17 C:\\Users\\lenovo\\Downloads\\revdb\\vendor\\laravel\\framework\\src\\Illuminate\\Console\\Concerns\\CallsCommands.php(40): Illuminate\\Console\\Command->runCommand('cache:clear', Array, Object(Symfony\\Component\\Console\\Output\\NullOutput))
#18 C:\\Users\\lenovo\\Downloads\\revdb\\vendor\\laravel\\framework\\src\\Illuminate\\Foundation\\Console\\OptimizeClearCommand.php(48): Illuminate\\Console\\Command->callSilent('cache:clear')
#19 C:\\Users\\lenovo\\Downloads\\revdb\\vendor\\laravel\\framework\\src\\Illuminate\\Console\\View\\Components\\Task.php(37): Illuminate\\Foundation\\Console\\OptimizeClearCommand->Illuminate\\Foundation\\Console\\{closure}()
#20 C:\\Users\\lenovo\\Downloads\\revdb\\vendor\\laravel\\framework\\src\\Illuminate\\Console\\View\\Components\\Factory.php(58): Illuminate\\Console\\View\\Components\\Task->render('cache', Object(Closure))
#21 C:\\Users\\lenovo\\Downloads\\revdb\\vendor\\laravel\\framework\\src\\Illuminate\\Foundation\\Console\\OptimizeClearCommand.php(52): Illuminate\\Console\\View\\Components\\Factory->__call('task', Array)
#22 C:\\Users\\lenovo\\Downloads\\revdb\\vendor\\laravel\\framework\\src\\Illuminate\\Collections\\Traits\\EnumeratesValues.php(235): Illuminate\\Foundation\\Console\\OptimizeClearCommand->Illuminate\\Foundation\\Console\\{closure}(Object(Closure), 'cache')
#23 C:\\Users\\lenovo\\Downloads\\revdb\\vendor\\laravel\\framework\\src\\Illuminate\\Foundation\\Console\\OptimizeClearCommand.php(52): Illuminate\\Support\\Collection->each(Object(Closure))
#24 C:\\Users\\lenovo\\Downloads\\revdb\\vendor\\laravel\\framework\\src\\Illuminate\\Container\\BoundMethod.php(36): Illuminate\\Foundation\\Console\\OptimizeClearCommand->handle()
#25 C:\\Users\\lenovo\\Downloads\\revdb\\vendor\\laravel\\framework\\src\\Illuminate\\Container\\Util.php(41): Illuminate\\Container\\BoundMethod::Illuminate\\Container\\{closure}()
#26 C:\\Users\\lenovo\\Downloads\\revdb\\vendor\\laravel\\framework\\src\\Illuminate\\Container\\BoundMethod.php(93): Illuminate\\Container\\Util::unwrapIfClosure(Object(Closure))
#27 C:\\Users\\lenovo\\Downloads\\revdb\\vendor\\laravel\\framework\\src\\Illuminate\\Container\\BoundMethod.php(35): Illuminate\\Container\\BoundMethod::callBoundMethod(Object(Illuminate\\Foundation\\Application), Array, Object(Closure))
#28 C:\\Users\\lenovo\\Downloads\\revdb\\vendor\\laravel\\framework\\src\\Illuminate\\Container\\Container.php(661): Illuminate\\Container\\BoundMethod::call(Object(Illuminate\\Foundation\\Application), Array, Array, NULL)
#29 C:\\Users\\lenovo\\Downloads\\revdb\\vendor\\laravel\\framework\\src\\Illuminate\\Console\\Command.php(183): Illuminate\\Container\\Container->call(Array)
#30 C:\\Users\\lenovo\\Downloads\\revdb\\vendor\\symfony\\console\\Command\\Command.php(326): Illuminate\\Console\\Command->execute(Object(Symfony\\Component\\Console\\Input\\ArgvInput), Object(Illuminate\\Console\\OutputStyle))
#31 C:\\Users\\lenovo\\Downloads\\revdb\\vendor\\laravel\\framework\\src\\Illuminate\\Console\\Command.php(152): Symfony\\Component\\Console\\Command\\Command->run(Object(Symfony\\Component\\Console\\Input\\ArgvInput), Object(Illuminate\\Console\\OutputStyle))
#32 C:\\Users\\lenovo\\Downloads\\revdb\\vendor\\symfony\\console\\Application.php(1078): Illuminate\\Console\\Command->run(Object(Symfony\\Component\\Console\\Input\\ArgvInput), Object(Symfony\\Component\\Console\\Output\\ConsoleOutput))
#33 C:\\Users\\lenovo\\Downloads\\revdb\\vendor\\symfony\\console\\Application.php(324): Symfony\\Component\\Console\\Application->doRunCommand(Object(Illuminate\\Foundation\\Console\\OptimizeClearCommand), Object(Symfony\\Component\\Console\\Input\\ArgvInput), Object(Symfony\\Component\\Console\\Output\\ConsoleOutput))
#34 C:\\Users\\lenovo\\Downloads\\revdb\\vendor\\symfony\\console\\Application.php(175): Symfony\\Component\\Console\\Application->doRun(Object(Symfony\\Component\\Console\\Input\\ArgvInput), Object(Symfony\\Component\\Console\\Output\\ConsoleOutput))
#35 C:\\Users\\lenovo\\Downloads\\revdb\\vendor\\laravel\\framework\\src\\Illuminate\\Console\\Application.php(102): Symfony\\Component\\Console\\Application->run(Object(Symfony\\Component\\Console\\Input\\ArgvInput), Object(Symfony\\Component\\Console\\Output\\ConsoleOutput))
#36 C:\\Users\\lenovo\\Downloads\\revdb\\vendor\\laravel\\framework\\src\\Illuminate\\Foundation\\Console\\Kernel.php(155): Illuminate\\Console\\Application->run(Object(Symfony\\Component\\Console\\Input\\ArgvInput), Object(Symfony\\Component\\Console\\Output\\ConsoleOutput))
#37 C:\\Users\\lenovo\\Downloads\\revdb\\artisan(35): Illuminate\\Foundation\\Console\\Kernel->handle(Object(Symfony\\Component\\Console\\Input\\ArgvInput), Object(Symfony\\Component\\Console\\Output\\ConsoleOutput))
#38 {main}
"} 
